<?xml version="1.0" encoding="UTF-8" ?>
<testsuite errors="0" failures="0" hostname="LAPTOP-B79V1E58" name="OspiteSocialTest.AbitazioneTest" skipped="0" tests="7" time="1.378" timestamp="2020-02-20T14:03:49">
  <properties>
[...]
</properties>
  <testcase classname="OspiteSocialTest.AbitazioneTest" name="AtestInserimentoAlloggio" time="0.09" />
  <testcase classname="OspiteSocialTest.AbitazioneTest" name="BtestInserimentoDatiStanza" time="0.092" />
  <testcase classname="OspiteSocialTest.AbitazioneTest" name="CtestVisualizzaAlloggio" time="0.015" />
  <testcase classname="OspiteSocialTest.AbitazioneTest" name="DtestVisualizzaAlloggiUtente" time="0.011" />
  <testcase classname="OspiteSocialTest.AbitazioneTest" name="EtestModificaDatiStanza" time="0.2" />
  <testcase classname="OspiteSocialTest.AbitazioneTest" name="FtestModificaDatiAlloggio" time="0.065" />
  <testcase classname="OspiteSocialTest.AbitazioneTest" name="GtestEliminaAlloggio" time="0.036" />
  <system-out><![CDATA[inserimentoAlloggio
inserimentoDatiStanza
visualizzaAlloggio
visualizzaAlloggiUtente
modificaDatiStanza
modificaDatiAlloggio
eliminaAlloggio
]]></system-out>
  <system-err><![CDATA[Istanza creata
com.mysql.jdbc.exceptions.jdbc4.MySQLIntegrityConstraintViolationException: Duplicate entry 'DBLKS' for key 'PRIMARY'
	at java.base/jdk.internal.reflect.NativeConstructorAccessorImpl.newInstance0(Native Method)
	at java.base/jdk.internal.reflect.NativeConstructorAccessorImpl.newInstance(NativeConstructorAccessorImpl.java:62)
	at java.base/jdk.internal.reflect.DelegatingConstructorAccessorImpl.newInstance(DelegatingConstructorAccessorImpl.java:45)
	at java.base/java.lang.reflect.Constructor.newInstanceWithCaller(Constructor.java:500)
	at java.base/java.lang.reflect.Constructor.newInstance(Constructor.java:481)
	at com.mysql.jdbc.Util.handleNewInstance(Util.java:425)
	at com.mysql.jdbc.Util.getInstance(Util.java:408)
	at com.mysql.jdbc.SQLError.createSQLException(SQLError.java:936)
	at com.mysql.jdbc.MysqlIO.checkErrorPacket(MysqlIO.java:3933)
	at com.mysql.jdbc.MysqlIO.checkErrorPacket(MysqlIO.java:3869)
	at com.mysql.jdbc.MysqlIO.sendCommand(MysqlIO.java:2524)
	at com.mysql.jdbc.MysqlIO.sqlQueryDirect(MysqlIO.java:2675)
	at com.mysql.jdbc.ConnectionImpl.execSQL(ConnectionImpl.java:2465)
	at com.mysql.jdbc.PreparedStatement.executeInternal(PreparedStatement.java:1912)
	at com.mysql.jdbc.PreparedStatement.executeUpdateInternal(PreparedStatement.java:2133)
	at com.mysql.jdbc.PreparedStatement.executeUpdateInternal(PreparedStatement.java:2067)
	at com.mysql.jdbc.PreparedStatement.executeLargeUpdate(PreparedStatement.java:5175)
	at com.mysql.jdbc.PreparedStatement.executeUpdate(PreparedStatement.java:2052)
	at DAO.MySQLUtenteDAOImpl.createUtente(MySQLUtenteDAOImpl.java:165)
	at Classes.OspiteSocial.inserisciUtente(OspiteSocial.java:56)
	at OspiteSocialTest.AbitazioneTest.setUp(AbitazioneTest.java:36)
	at java.base/jdk.internal.reflect.NativeMethodAccessorImpl.invoke0(Native Method)
	at java.base/jdk.internal.reflect.NativeMethodAccessorImpl.invoke(NativeMethodAccessorImpl.java:62)
	at java.base/jdk.internal.reflect.DelegatingMethodAccessorImpl.invoke(DelegatingMethodAccessorImpl.java:43)
	at java.base/java.lang.reflect.Method.invoke(Method.java:567)
	at org.junit.runners.model.FrameworkMethod$1.runReflectiveCall(FrameworkMethod.java:59)
	at org.junit.internal.runners.model.ReflectiveCallable.run(ReflectiveCallable.java:12)
	at org.junit.runners.model.FrameworkMethod.invokeExplosively(FrameworkMethod.java:56)
	at org.junit.internal.runners.statements.RunBefores.invokeMethod(RunBefores.java:33)
	at org.junit.internal.runners.statements.RunBefores.evaluate(RunBefores.java:24)
	at org.junit.runners.ParentRunner$3.evaluate(ParentRunner.java:306)
	at org.junit.runners.ParentRunner.run(ParentRunner.java:413)
	at junit.framework.JUnit4TestAdapter.run(JUnit4TestAdapter.java:50)
	at org.apache.tools.ant.taskdefs.optional.junit.JUnitTestRunner.run(JUnitTestRunner.java:534)
	at org.apache.tools.ant.taskdefs.optional.junit.JUnitTestRunner.launch(JUnitTestRunner.java:1196)
	at org.apache.tools.ant.taskdefs.optional.junit.JUnitTestRunner.main(JUnitTestRunner.java:1041)
java.lang.NullPointerException
	at DAO.MySQLUtenteDAOImpl.createUtente(MySQLUtenteDAOImpl.java:177)
	at Classes.OspiteSocial.inserisciUtente(OspiteSocial.java:56)
	at OspiteSocialTest.AbitazioneTest.setUp(AbitazioneTest.java:36)
	at java.base/jdk.internal.reflect.NativeMethodAccessorImpl.invoke0(Native Method)
	at java.base/jdk.internal.reflect.NativeMethodAccessorImpl.invoke(NativeMethodAccessorImpl.java:62)
	at java.base/jdk.internal.reflect.DelegatingMethodAccessorImpl.invoke(DelegatingMethodAccessorImpl.java:43)
	at java.base/java.lang.reflect.Method.invoke(Method.java:567)
	at org.junit.runners.model.FrameworkMethod$1.runReflectiveCall(FrameworkMethod.java:59)
	at org.junit.internal.runners.model.ReflectiveCallable.run(ReflectiveCallable.java:12)
	at org.junit.runners.model.FrameworkMethod.invokeExplosively(FrameworkMethod.java:56)
	at org.junit.internal.runners.statements.RunBefores.invokeMethod(RunBefores.java:33)
	at org.junit.internal.runners.statements.RunBefores.evaluate(RunBefores.java:24)
	at org.junit.runners.ParentRunner$3.evaluate(ParentRunner.java:306)
	at org.junit.runners.ParentRunner.run(ParentRunner.java:413)
	at junit.framework.JUnit4TestAdapter.run(JUnit4TestAdapter.java:50)
	at org.apache.tools.ant.taskdefs.optional.junit.JUnitTestRunner.run(JUnitTestRunner.java:534)
	at org.apache.tools.ant.taskdefs.optional.junit.JUnitTestRunner.launch(JUnitTestRunner.java:1196)
	at org.apache.tools.ant.taskdefs.optional.junit.JUnitTestRunner.main(JUnitTestRunner.java:1041)
]]></system-err>
</testsuite>
